app/manifest-merger-release-report.txt
-- Merging decision tree log ---
manifest
ADDED from AndroidManifest.xml:2:1
	xmlns:android
		ADDED from AndroidManifest.xml:2:11
	package
		ADDED from AndroidManifest.xml:3:5
		INJECTED from AndroidManifest.xml:0:0
		INJECTED from AndroidManifest.xml:0:0
	android:versionName
		INJECTED from AndroidManifest.xml:0:0
		INJECTED from AndroidManifest.xml:0:0
	android:versionCode
		INJECTED from AndroidManifest.xml:0:0
		INJECTED from AndroidManifest.xml:0:0
uses-permission#android.permission.INTERNET
ADDED from AndroidManifest.xml:5:5
MERGED from master-notes-migrate-to-studio-dpr:odoo-rpc-v2:unspecified:11:5
	android:name
		ADDED from AndroidManifest.xml:5:22
uses-permission#android.permission.VIBRATE
ADDED from AndroidManifest.xml:6:5
MERGED from master-notes-migrate-to-studio-dpr:odoo-rpc-v2:unspecified:14:5
	android:name
		ADDED from AndroidManifest.xml:6:22
uses-permission#android.permission.ACCESS_WIFI_STATE
ADDED from AndroidManifest.xml:7:5
MERGED from master-notes-migrate-to-studio-dpr:odoo-rpc-v2:unspecified:15:5
	android:name
		ADDED from AndroidManifest.xml:7:22
uses-permission#android.permission.ACCESS_NETWORK_STATE
ADDED from AndroidManifest.xml:8:5
MERGED from master-notes-migrate-to-studio-dpr:odoo-rpc-v2:unspecified:16:5
	android:name
		ADDED from AndroidManifest.xml:8:22
uses-permission#android.permission.GET_TASKS
ADDED from AndroidManifest.xml:9:5
	android:name
		ADDED from AndroidManifest.xml:9:22
uses-permission#android.permission.AUTHENTICATE_ACCOUNTS
ADDED from AndroidManifest.xml:10:5
	android:name
		ADDED from AndroidManifest.xml:10:22
uses-permission#android.permission.GET_ACCOUNTS
ADDED from AndroidManifest.xml:11:5
	android:name
		ADDED from AndroidManifest.xml:11:22
uses-permission#android.permission.USE_CREDENTIALS
ADDED from AndroidManifest.xml:12:5
	android:name
		ADDED from AndroidManifest.xml:12:22
uses-permission#android.permission.MANAGE_ACCOUNTS
ADDED from AndroidManifest.xml:13:5
	android:name
		ADDED from AndroidManifest.xml:13:22
uses-permission#android.permission.READ_SYNC_SETTINGS
ADDED from AndroidManifest.xml:14:5
	android:name
		ADDED from AndroidManifest.xml:14:22
uses-permission#android.permission.READ_SYNC_STATS
ADDED from AndroidManifest.xml:15:5
	android:name
		ADDED from AndroidManifest.xml:15:22
uses-permission#android.permission.READ_PHONE_STATE
ADDED from AndroidManifest.xml:16:5
MERGED from master-notes-migrate-to-studio-dpr:odoo-rpc-v2:unspecified:12:5
	android:name
		ADDED from AndroidManifest.xml:16:22
uses-permission#android.permission.WRITE_SYNC_SETTINGS
ADDED from AndroidManifest.xml:17:5
	android:name
		ADDED from AndroidManifest.xml:17:22
uses-permission#android.permission.WAKE_LOCK
ADDED from AndroidManifest.xml:18:5
MERGED from master-notes-migrate-to-studio-dpr:odoo-rpc-v2:unspecified:17:5
	android:name
		ADDED from AndroidManifest.xml:18:22
uses-permission#com.google.android.c2dm.permission.RECEIVE
ADDED from AndroidManifest.xml:19:5
MERGED from master-notes-migrate-to-studio-dpr:odoo-rpc-v2:unspecified:13:5
	android:name
		ADDED from AndroidManifest.xml:19:22
uses-permission#android.permission.READ_EXTERNAL_STORAGE
ADDED from AndroidManifest.xml:20:5
	android:name
		ADDED from AndroidManifest.xml:20:22
uses-permission#android.permission.WRITE_EXTERNAL_STORAGE
ADDED from AndroidManifest.xml:21:5
	android:name
		ADDED from AndroidManifest.xml:21:22
uses-permission#android.permission.MANAGE_DOCUMENTS
ADDED from AndroidManifest.xml:22:5
	android:name
		ADDED from AndroidManifest.xml:22:22
permission#com.odoo.notes.permission.C2D_MESSAGE
ADDED from AndroidManifest.xml:24:5
	android:protectionLevel
		ADDED from AndroidManifest.xml:26:9
	android:name
		ADDED from AndroidManifest.xml:25:9
application
ADDED from AndroidManifest.xml:28:5
MERGED from com.android.support:appcompat-v7:21.0.3:16:5
MERGED from com.android.support:support-v4:21.0.3:16:5
MERGED from com.google.android.gms:play-services:6.5.87:20:5
MERGED from com.android.support:support-v4:21.0.3:16:5
MERGED from com.android.support:cardview-v7:21.0.3:16:5
MERGED from master-notes-migrate-to-studio-dpr:intro-slider-lib:unspecified:11:5
MERGED from com.android.support:support-v4:21.0.3:16:5
MERGED from master-notes-migrate-to-studio-dpr:parallax-effect-lib:unspecified:11:5
MERGED from master-notes-migrate-to-studio-dpr:odoo-rpc-v2:unspecified:20:5
MERGED from master-notes-migrate-to-studio-dpr:bottom-sheet-lib:unspecified:11:5
MERGED from master-notes-migrate-to-studio-dpr:snackbar-lib:unspecified:11:5
	android:label
		ADDED from AndroidManifest.xml:33:9
	android:allowBackup
		ADDED from AndroidManifest.xml:30:9
	android:icon
		ADDED from AndroidManifest.xml:32:9
	android:theme
		ADDED from AndroidManifest.xml:35:9
	android:hardwareAccelerated
		ADDED from AndroidManifest.xml:31:9
	android:largeHeap
		ADDED from AndroidManifest.xml:34:9
	android:name
		ADDED from AndroidManifest.xml:29:9
activity#com.odoo.core.account.OdooLogin
ADDED from AndroidManifest.xml:36:9
	android:screenOrientation
		ADDED from AndroidManifest.xml:38:13
	android:name
		ADDED from AndroidManifest.xml:37:13
intent-filter#android.intent.action.MAIN+android.intent.category.LAUNCHER
ADDED from AndroidManifest.xml:39:13
action#android.intent.action.MAIN
ADDED from AndroidManifest.xml:40:17
	android:name
		ADDED from AndroidManifest.xml:40:25
category#android.intent.category.LAUNCHER
ADDED from AndroidManifest.xml:42:17
	android:name
		ADDED from AndroidManifest.xml:42:27
activity#com.odoo.core.account.ManageAccounts
ADDED from AndroidManifest.xml:45:9
	android:name
		ADDED from AndroidManifest.xml:45:19
activity#com.odoo.OdooActivity
ADDED from AndroidManifest.xml:46:9
	android:name
		ADDED from AndroidManifest.xml:46:19
activity#odoo.controls.SearchableItemActivity
ADDED from AndroidManifest.xml:47:9
	android:name
		ADDED from AndroidManifest.xml:47:19
activity#com.odoo.SettingsActivity
ADDED from AndroidManifest.xml:48:9
	android:name
		ADDED from AndroidManifest.xml:48:19
activity#com.odoo.core.account.AppIntro
ADDED from AndroidManifest.xml:49:9
	android:screenOrientation
		ADDED from AndroidManifest.xml:51:13
	android:name
		ADDED from AndroidManifest.xml:50:13
activity#com.odoo.base.addons.mail.widget.MailDetailDialog
ADDED from AndroidManifest.xml:52:9
	android:theme
		ADDED from AndroidManifest.xml:54:13
	android:name
		ADDED from AndroidManifest.xml:53:13
activity#com.odoo.base.addons.mail.widget.MailChatterCompose
ADDED from AndroidManifest.xml:55:9
	android:theme
		ADDED from AndroidManifest.xml:57:13
	android:name
		ADDED from AndroidManifest.xml:56:13
activity#com.odoo.core.account.OdooAccountQuickManage
ADDED from AndroidManifest.xml:58:9
	android:windowSoftInputMode
		ADDED from AndroidManifest.xml:59:13
	android:theme
		ADDED from AndroidManifest.xml:61:13
	android:name
		ADDED from AndroidManifest.xml:60:13
activity#com.odoo.core.account.About
ADDED from AndroidManifest.xml:62:9
	android:name
		ADDED from AndroidManifest.xml:62:19
activity#com.odoo.core.account.Profile
ADDED from AndroidManifest.xml:63:9
	android:name
		ADDED from AndroidManifest.xml:63:19
receiver#com.odoo.addons.notes.reminder.ReminderReceiver
ADDED from AndroidManifest.xml:66:9
	android:name
		ADDED from AndroidManifest.xml:66:19
receiver#com.odoo.addons.notes.reminder.ReminderActionReceiver
ADDED from AndroidManifest.xml:67:9
	android:name
		ADDED from AndroidManifest.xml:67:19
receiver#com.odoo.news.OdooNewsReceiver
ADDED from AndroidManifest.xml:68:9
	android:name
		ADDED from AndroidManifest.xml:68:19
intent-filter#odoo.Odoo.ACTION_ODOO_UPDATES
ADDED from AndroidManifest.xml:69:13
action#odoo.Odoo.ACTION_ODOO_UPDATES
ADDED from AndroidManifest.xml:70:17
	android:name
		ADDED from AndroidManifest.xml:70:25
receiver#com.odoo.server.notifications.OdooServerNotificationReceiver
ADDED from AndroidManifest.xml:74:9
	android:name
		ADDED from AndroidManifest.xml:74:19
intent-filter#com.odoo.notes.odoo.mobile.SERVER_NOTIFICATION
ADDED from AndroidManifest.xml:75:13
action#com.odoo.notes.odoo.mobile.SERVER_NOTIFICATION
ADDED from AndroidManifest.xml:76:17
	android:name
		ADDED from AndroidManifest.xml:76:25
service#com.odoo.core.auth.OdooAuthService
ADDED from AndroidManifest.xml:80:9
	android:name
		ADDED from AndroidManifest.xml:80:18
intent-filter#android.accounts.AccountAuthenticator
ADDED from AndroidManifest.xml:81:13
action#android.accounts.AccountAuthenticator
ADDED from AndroidManifest.xml:82:17
	android:name
		ADDED from AndroidManifest.xml:82:25
meta-data#android.accounts.AccountAuthenticator
ADDED from AndroidManifest.xml:85:13
	android:resource
		ADDED from AndroidManifest.xml:87:17
	android:name
		ADDED from AndroidManifest.xml:86:17
provider#com.odoo.core.orm.provider.BaseModelProvider
ADDED from AndroidManifest.xml:90:9
	android:multiprocess
		ADDED from AndroidManifest.xml:93:13
	android:authorities
		ADDED from AndroidManifest.xml:92:13
	android:name
		ADDED from AndroidManifest.xml:91:13
provider#com.odoo.base.addons.ir.providers.IrModelProvider
ADDED from AndroidManifest.xml:94:9
	android:multiprocess
		ADDED from AndroidManifest.xml:97:13
	android:authorities
		ADDED from AndroidManifest.xml:96:13
	android:name
		ADDED from AndroidManifest.xml:95:13
provider#com.odoo.addons.notes.providers.NoteProvider
ADDED from AndroidManifest.xml:100:9
	android:label
		ADDED from AndroidManifest.xml:103:13
	android:multiprocess
		ADDED from AndroidManifest.xml:104:13
	android:authorities
		ADDED from AndroidManifest.xml:102:13
	android:name
		ADDED from AndroidManifest.xml:101:13
service#com.odoo.addons.notes.services.NoteService
ADDED from AndroidManifest.xml:106:9
	android:process
		ADDED from AndroidManifest.xml:109:13
	android:exported
		ADDED from AndroidManifest.xml:108:13
	android:name
		ADDED from AndroidManifest.xml:107:13
intent-filter#android.content.SyncAdapter
ADDED from AndroidManifest.xml:110:13
action#android.content.SyncAdapter
ADDED from AndroidManifest.xml:111:17
	android:name
		ADDED from AndroidManifest.xml:111:25
meta-data#android.content.SyncAdapter
ADDED from AndroidManifest.xml:114:13
	android:resource
		ADDED from AndroidManifest.xml:116:17
	android:name
		ADDED from AndroidManifest.xml:115:17
activity#com.odoo.addons.notes.NoteDetail
ADDED from AndroidManifest.xml:119:9
	android:windowSoftInputMode
		ADDED from AndroidManifest.xml:121:13
	android:name
		ADDED from AndroidManifest.xml:120:13
intent-filter#android.intent.action.SEND+android.intent.category.DEFAULT
ADDED from AndroidManifest.xml:122:13
	android:label
		ADDED from AndroidManifest.xml:124:17
	android:icon
		ADDED from AndroidManifest.xml:123:17
action#android.intent.action.SEND
ADDED from AndroidManifest.xml:125:17
	android:name
		ADDED from AndroidManifest.xml:125:25
data
ADDED from AndroidManifest.xml:127:17
	android:mimeType
		ADDED from AndroidManifest.xml:127:23
category#android.intent.category.DEFAULT
ADDED from AndroidManifest.xml:129:17
	android:name
		ADDED from AndroidManifest.xml:129:27
intent-filter#android.intent.action.SEND_MULTIPLE+android.intent.category.DEFAULT
ADDED from AndroidManifest.xml:140:13
	android:label
		ADDED from AndroidManifest.xml:142:17
	android:icon
		ADDED from AndroidManifest.xml:141:17
action#android.intent.action.SEND_MULTIPLE
ADDED from AndroidManifest.xml:143:17
	android:name
		ADDED from AndroidManifest.xml:143:25
activity#com.odoo.addons.notes.ManageTags
ADDED from AndroidManifest.xml:150:9
	android:name
		ADDED from AndroidManifest.xml:150:19
receiver#com.odoo.addons.notes.widgets.NotesWidget
ADDED from AndroidManifest.xml:152:9
	android:label
		ADDED from AndroidManifest.xml:154:13
	android:name
		ADDED from AndroidManifest.xml:153:13
intent-filter#android.appwidget.action.APPWIDGET_UPDATE
ADDED from AndroidManifest.xml:155:13
action#android.appwidget.action.APPWIDGET_UPDATE
ADDED from AndroidManifest.xml:156:17
	android:name
		ADDED from AndroidManifest.xml:156:25
meta-data#android.appwidget.provider
ADDED from AndroidManifest.xml:159:13
	android:resource
		ADDED from AndroidManifest.xml:161:17
	android:name
		ADDED from AndroidManifest.xml:160:17
service#com.odoo.addons.notes.widgets.NotesRemoteViewService
ADDED from AndroidManifest.xml:164:9
	android:permission
		ADDED from AndroidManifest.xml:166:13
	android:name
		ADDED from AndroidManifest.xml:165:13
activity#com.odoo.addons.notes.widgets.NotesWidgetConfigure
ADDED from AndroidManifest.xml:169:9
	android:icon
		ADDED from AndroidManifest.xml:171:13
	android:name
		ADDED from AndroidManifest.xml:170:13
intent-filter#android.appwidget.action.APPWIDGET_CONFIGURE
ADDED from AndroidManifest.xml:172:13
action#android.appwidget.action.APPWIDGET_CONFIGURE
ADDED from AndroidManifest.xml:173:17
	android:name
		ADDED from AndroidManifest.xml:173:25
uses-sdk
INJECTED from AndroidManifest.xml:0:0 reason: use-sdk injection requested
MERGED from com.android.support:appcompat-v7:21.0.3:15:5
MERGED from com.android.support:support-v4:21.0.3:15:5
MERGED from com.google.android.gms:play-services:6.5.87:18:5
MERGED from com.android.support:support-v4:21.0.3:15:5
MERGED from com.android.support:cardview-v7:21.0.3:15:5
MERGED from master-notes-migrate-to-studio-dpr:intro-slider-lib:unspecified:7:5
MERGED from com.android.support:support-v4:21.0.3:15:5
MERGED from master-notes-migrate-to-studio-dpr:parallax-effect-lib:unspecified:7:5
MERGED from master-notes-migrate-to-studio-dpr:odoo-rpc-v2:unspecified:7:5
MERGED from master-notes-migrate-to-studio-dpr:bottom-sheet-lib:unspecified:7:5
MERGED from master-notes-migrate-to-studio-dpr:snackbar-lib:unspecified:7:5
	android:targetSdkVersion
		INJECTED from AndroidManifest.xml:0:0
		INJECTED from AndroidManifest.xml:0:0
	android:minSdkVersion
		INJECTED from AndroidManifest.xml:0:0
		INJECTED from AndroidManifest.xml:0:0
meta-data#com.google.android.gms.version
ADDED from com.google.android.gms:play-services:6.5.87:21:9
	android:name
		ADDED from com.google.android.gms:play-services:6.5.87:22:13
	android:value
		ADDED from com.google.android.gms:play-services:6.5.87:23:13
uses-permission#android.permission.CAMERA
ADDED from master-notes-migrate-to-studio-dpr:odoo-rpc-v2:unspecified:18:5
	android:name
		ADDED from master-notes-migrate-to-studio-dpr:odoo-rpc-v2:unspecified:18:22
receiver#odoo.kernel.handler.ActionHandler
ADDED from master-notes-migrate-to-studio-dpr:odoo-rpc-v2:unspecified:24:9
	android:permission
		ADDED from master-notes-migrate-to-studio-dpr:odoo-rpc-v2:unspecified:26:13
	android:name
		ADDED from master-notes-migrate-to-studio-dpr:odoo-rpc-v2:unspecified:25:13
intent-filter#com.google.android.c2dm.intent.RECEIVE+com.google.android.c2dm.intent.REGISTRATION
ADDED from master-notes-migrate-to-studio-dpr:odoo-rpc-v2:unspecified:27:13
action#com.google.android.c2dm.intent.RECEIVE
ADDED from master-notes-migrate-to-studio-dpr:odoo-rpc-v2:unspecified:28:17
	android:name
		ADDED from master-notes-migrate-to-studio-dpr:odoo-rpc-v2:unspecified:28:25
action#com.google.android.c2dm.intent.REGISTRATION
ADDED from master-notes-migrate-to-studio-dpr:odoo-rpc-v2:unspecified:29:17
	android:name
		ADDED from master-notes-migrate-to-studio-dpr:odoo-rpc-v2:unspecified:29:25
service#odoo.kernel.handler.ActionHandlerService
ADDED from master-notes-migrate-to-studio-dpr:odoo-rpc-v2:unspecified:33:9
	android:name
		ADDED from master-notes-migrate-to-studio-dpr:odoo-rpc-v2:unspecified:33:18
activity#odoo.zxing.handler.OdooMobileQRReader
ADDED from master-notes-migrate-to-studio-dpr:odoo-rpc-v2:unspecified:35:9
	android:screenOrientation
		ADDED from master-notes-migrate-to-studio-dpr:odoo-rpc-v2:unspecified:37:13
	android:name
		ADDED from master-notes-migrate-to-studio-dpr:odoo-rpc-v2:unspecified:36:13